<?xml version="1.0" encoding="UTF-8"?>
<!-- Generated by org.testng.reporters.JUnitReportReporter -->
<testsuite hostname="DESKTOP-VPAM2FR" failures="0" tests="1" name="sakshingp.testcases.TC_HomePage" time="9.481" errors="0" timestamp="2023-05-23T17:45:46 IST" skipped="0">
  <testcase classname="sakshingp.testcases.TC_HomePage" name="TC_HP_001" time="9.481"/>
  <system-out/>
</testsuite> <!-- sakshingp.testcases.TC_HomePage -->
